0.548033 377
0.238482 1
3.939225 1
0.080009 510
0.209966 1
1.318789 1
0.129983 1
0.850002 1
0.209978 41
0.250025 1
1.599991 1
0.070007 2
0.159940 488
0.020032 1
0.571234 1
0.060037 1
0.209997 1
0.949409 1
0.190039 1
0.240003 2
0.239293 45
0.400020 1
1.070003 1
0.109998 1
0.129986 2
0.340006 4095
0.531259 1745
0.000064 4095
3.023693 1741
0.000141 64
0.106102 1
1.069997 1
0.239988 1
0.270025 1
0.069970 1
0.320006 1
0.190015 1
0.369996 1
0.159998 4
0.229397 2
0.739961 49
0.030627 1
2.608693 1
0.200069 1
0.090005 4
1.490003 4
0.159997 4
0.179996 1
0.330004 1
0.019962 1
0.300026 1
0.159953 1
2.690058 1
0.790000 1
0.159998 1
0.110001 2
0.139954 1
1.599988 1
0.470062 1
0.329953 1
0.719988 2
0.269992 1
1.880060 1
0.170000 1
0.080004 5
0.239952 1529
0.490054 1
1.500004 4
0.576577 23
0.973417 1
1.689995 1
0.199996 1
0.170007 4
0.831257 4
0.500008 4
0.040429 4
0.029533 4
0.028724 4
0.040029 4
0.030077 4
0.039926 4
0.032080 4
0.027867 4
0.029999 4
0.029990 4
0.040026 4
0.040041 4
0.032185 4
0.029061 4
0.038986 4
0.029729 4
0.031253 4
0.030067 4
0.041050 4
0.028882 4
0.028783 4
0.041255 4
0.029968 4
0.030018 1
0.028725 1
0.041236 1
0.030029 1
0.030006 1
0.039713 1
0.029191 1
0.031090 1
0.029953 1
0.040009 1
0.030045 45
0.690023 1
1.970016 1
0.069989 1
0.249993 1
0.160011 1
0.579947 18
0.780046 1
1.548749 1
0.240017 1
1.349983 1
0.209956 1
0.140046 1
0.259959 1
0.140044 1
0.339996 3
0.300003 3
0.399991 3
0.449998 1
0.161249 1
0.408765 1
0.319987 1
0.151241 1
0.398742 3
0.290015 3
0.399999 1565
0.590041 1
1.249975 1
0.191185 1
0.138753 1
0.180052 8
